C:\USERS\JH\DOCUMENTS\VISUAL STUDIO 2010\PROJECTS\GUI\GUI\RELEASE\GUI.EXE.INTERMEDIATE.MANIFEST
C:\USERS\JH\DOCUMENTS\VISUAL STUDIO 2010\PROJECTS\GUI\GUI\RELEASE\GUI.OBJ
C:\USERS\JH\DOCUMENTS\VISUAL STUDIO 2010\PROJECTS\GUI\GUI\RELEASE\GUI.PCH
C:\USERS\JH\DOCUMENTS\VISUAL STUDIO 2010\PROJECTS\GUI\GUI\RELEASE\GUI.RES
C:\USERS\JH\DOCUMENTS\VISUAL STUDIO 2010\PROJECTS\GUI\GUI\RELEASE\GUIDLG.OBJ
C:\USERS\JH\DOCUMENTS\VISUAL STUDIO 2010\PROJECTS\GUI\GUI\RELEASE\STDAFX.OBJ
C:\USERS\JH\DOCUMENTS\VISUAL STUDIO 2010\PROJECTS\GUI\GUI\RELEASE\VC100.PDB
C:\USERS\JH\DOCUMENTS\VISUAL STUDIO 2010\PROJECTS\GUI\RELEASE\GUI.EXE
C:\USERS\JH\DOCUMENTS\VISUAL STUDIO 2010\PROJECTS\GUI\RELEASE\GUI.PDB
C:\USERS\TRIBAL\DESKTOP\PROJECT\GUI\GUI\RELEASE\DEBUGGER_FUNCTION.OBJ
C:\USERS\TRIBAL\DESKTOP\PROJECT\GUI\GUI\RELEASE\GUI.EXE.INTERMEDIATE.MANIFEST
C:\USERS\TRIBAL\DESKTOP\PROJECT\GUI\GUI\RELEASE\GUI.OBJ
C:\USERS\TRIBAL\DESKTOP\PROJECT\GUI\GUI\RELEASE\GUI.PCH
C:\USERS\TRIBAL\DESKTOP\PROJECT\GUI\GUI\RELEASE\GUI.RES
C:\USERS\TRIBAL\DESKTOP\PROJECT\GUI\GUI\RELEASE\GUIDLG.OBJ
C:\USERS\TRIBAL\DESKTOP\PROJECT\GUI\GUI\RELEASE\PSDLG.OBJ
C:\USERS\TRIBAL\DESKTOP\PROJECT\GUI\GUI\RELEASE\STDAFX.OBJ
C:\USERS\TRIBAL\DESKTOP\PROJECT\GUI\GUI\RELEASE\VC100.PDB
C:\USERS\TRIBAL\DESKTOP\PROJECT\GUI\RELEASE\GUI.EXE
C:\USERS\TRIBAL\DESKTOP\PROJECT\GUI\RELEASE\GUI.PDB
C:\USERS\TRIBAL\DOCUMENTS\VISUAL STUDIO 2010\PROJECTS\GUI\GUI\RELEASE\BREAK_POINT.OBJ
C:\Users\Tribal\Documents\Visual Studio 2010\Projects\gui\gui\Release\cl.command.1.tlog
C:\Users\Tribal\Documents\Visual Studio 2010\Projects\gui\gui\Release\CL.read.1.tlog
C:\Users\Tribal\Documents\Visual Studio 2010\Projects\gui\gui\Release\CL.write.1.tlog
C:\USERS\TRIBAL\DOCUMENTS\VISUAL STUDIO 2010\PROJECTS\GUI\GUI\RELEASE\DEBUGGER.OBJ
C:\USERS\TRIBAL\DOCUMENTS\VISUAL STUDIO 2010\PROJECTS\GUI\GUI\RELEASE\DEBUGGER_FUNCTION.OBJ
C:\USERS\TRIBAL\DOCUMENTS\VISUAL STUDIO 2010\PROJECTS\GUI\GUI\RELEASE\DISASSEM.OBJ
C:\USERS\TRIBAL\DOCUMENTS\VISUAL STUDIO 2010\PROJECTS\GUI\GUI\RELEASE\GUI.EXE.INTERMEDIATE.MANIFEST
C:\USERS\TRIBAL\DOCUMENTS\VISUAL STUDIO 2010\PROJECTS\GUI\GUI\RELEASE\GUI.OBJ
C:\USERS\TRIBAL\DOCUMENTS\VISUAL STUDIO 2010\PROJECTS\GUI\GUI\RELEASE\GUI.PCH
C:\USERS\TRIBAL\DOCUMENTS\VISUAL STUDIO 2010\PROJECTS\GUI\GUI\RELEASE\GUI.RES
C:\Users\Tribal\Documents\Visual Studio 2010\Projects\gui\gui\Release\gui.vcxprojResolveAssemblyReference.cache
C:\Users\Tribal\Documents\Visual Studio 2010\Projects\gui\gui\Release\gui.write.1.tlog
C:\USERS\TRIBAL\DOCUMENTS\VISUAL STUDIO 2010\PROJECTS\GUI\GUI\RELEASE\GUIDLG.OBJ
C:\Users\Tribal\Documents\Visual Studio 2010\Projects\gui\gui\Release\link.command.1.tlog
C:\Users\Tribal\Documents\Visual Studio 2010\Projects\gui\gui\Release\link.read.1.tlog
C:\Users\Tribal\Documents\Visual Studio 2010\Projects\gui\gui\Release\link.write.1.tlog
C:\Users\Tribal\Documents\Visual Studio 2010\Projects\gui\gui\Release\link-cvtres.read.1.tlog
C:\Users\Tribal\Documents\Visual Studio 2010\Projects\gui\gui\Release\link-cvtres.write.1.tlog
C:\Users\Tribal\Documents\Visual Studio 2010\Projects\gui\gui\Release\mt.command.1.tlog
C:\Users\Tribal\Documents\Visual Studio 2010\Projects\gui\gui\Release\mt.read.1.tlog
C:\Users\Tribal\Documents\Visual Studio 2010\Projects\gui\gui\Release\mt.write.1.tlog
C:\USERS\TRIBAL\DOCUMENTS\VISUAL STUDIO 2010\PROJECTS\GUI\GUI\RELEASE\PE_HEADER.OBJ
C:\USERS\TRIBAL\DOCUMENTS\VISUAL STUDIO 2010\PROJECTS\GUI\GUI\RELEASE\PE_VIEWER.OBJ
C:\USERS\TRIBAL\DOCUMENTS\VISUAL STUDIO 2010\PROJECTS\GUI\GUI\RELEASE\PSDLG.OBJ
C:\Users\Tribal\Documents\Visual Studio 2010\Projects\gui\gui\Release\rc.command.1.tlog
C:\Users\Tribal\Documents\Visual Studio 2010\Projects\gui\gui\Release\rc.read.1.tlog
C:\Users\Tribal\Documents\Visual Studio 2010\Projects\gui\gui\Release\rc.write.1.tlog
C:\USERS\TRIBAL\DOCUMENTS\VISUAL STUDIO 2010\PROJECTS\GUI\GUI\RELEASE\STDAFX.OBJ
C:\USERS\TRIBAL\DOCUMENTS\VISUAL STUDIO 2010\PROJECTS\GUI\GUI\RELEASE\TIMELESS.OBJ
C:\USERS\TRIBAL\DOCUMENTS\VISUAL STUDIO 2010\PROJECTS\GUI\GUI\RELEASE\VC100.PDB
C:\USERS\TRIBAL\DOCUMENTS\VISUAL STUDIO 2010\PROJECTS\GUI\RELEASE\GUI.EXE
C:\USERS\TRIBAL\DOCUMENTS\VISUAL STUDIO 2010\PROJECTS\GUI\RELEASE\GUI.PDB
